<?xml version="1.0" encoding="UTF-8"?>
<testsuite xmlns:xsi="http://www.w3.org/2001/XMLSchema-instance" xsi:noNamespaceSchemaLocation="https://maven.apache.org/surefire/maven-surefire-plugin/xsd/surefire-test-report-3.0.xsd" version="3.0" name="com.miapp.ejer02_Test" time="0.01" tests="11" errors="0" skipped="0" failures="0">
  <properties>
[...]
</properties>
  <testcase name="testNumerosMixtos" classname="com.miapp.ejer02_Test" time="0.004">
    <system-out><![CDATA[////PRUEBA////
2 es par
////PRUEBA////
3 es impar
////PRUEBA////
4 es par
]]></system-out>
  </testcase>
  <testcase name="testCantidadCero" classname="com.miapp.ejer02_Test" time="0.0"/>
  <testcase name="testLetraEnNumero" classname="com.miapp.ejer02_Test" time="0.0"/>
  <testcase name="testNumerosNegativos" classname="com.miapp.ejer02_Test" time="0.001">
    <system-out><![CDATA[////PRUEBA////
-2 es par
////PRUEBA////
-5 es impar
////PRUEBA////
-7 es impar
]]></system-out>
  </testcase>
  <testcase name="testSoloPares" classname="com.miapp.ejer02_Test" time="0.001">
    <system-out><![CDATA[////PRUEBA////
2 es par
////PRUEBA////
6 es par
////PRUEBA////
8 es par
]]></system-out>
  </testcase>
  <testcase name="testNumeroVacio" classname="com.miapp.ejer02_Test" time="0.0"/>
  <testcase name="testSoloImpares" classname="com.miapp.ejer02_Test" time="0.002">
    <system-out><![CDATA[////PRUEBA////
1 es impar
////PRUEBA////
5 es impar
////PRUEBA////
9 es impar
]]></system-out>
  </testcase>
  <testcase name="testConCero" classname="com.miapp.ejer02_Test" time="0.0">
    <system-out><![CDATA[////PRUEBA////
0 es par
]]></system-out>
  </testcase>
  <testcase name="testCantidadNegativa" classname="com.miapp.ejer02_Test" time="0.0"/>
  <testcase name="testCantidadVacia" classname="com.miapp.ejer02_Test" time="0.0"/>
  <testcase name="testLetraEnCantidad" classname="com.miapp.ejer02_Test" time="0.0"/>
</testsuite>